Arguments: 
  C:\Program Files\nodejs\node.exe C:\Users\hzwukewei\AppData\Roaming\npm\node_modules\yarn\bin\yarn.js add @tarojs/webpack-runner --silent --no-progress

PATH: 
  C:\Program Files\nodejs\node_modules\npm\node_modules\npm-lifecycle\node-gyp-bin;G:\my\share\share_taro\node_modules\.bin;C:\Program Files\nodejs\node_modules\npm\node_modules\npm-lifecycle\node-gyp-bin;G:\my\share\share_taro\node_modules\.bin;C:\Program Files (x86)\Common Files\Oracle\Java\javapath;C:\WINDOWS\system32;C:\WINDOWS;C:\WINDOWS\System32\Wbem;C:\WINDOWS\System32\WindowsPowerShell\v1.0\;D:\Git\cmd;C:\Program Files\nodejs\;C:\WINDOWS\System32\OpenSSH\;C:\Program Files\TortoiseSVN\bin;G:\Microsoft VS Code\bin;C:\Users\hzwukewei\AppData\Local\Microsoft\WindowsApps;C:\Users\hzwukewei\AppData\Roaming\npm;G:\git\cmd;C:\Users\hzwukewei\AppData\Local\Programs\Microsoft VS Code\bin;G:\apache-maven-3.6.0\bin\;F:\MongoDB\Server\3.2\bin;

Yarn version: 
  1.12.3

Node version: 
  8.11.3

Platform: 
  win32 x64

Trace: 
  Error: ENOENT: no such file or directory, copyfile 'C:\Users\hzwukewei\AppData\Local\Yarn\Cache\v4\npm-ansi-regex-3.0.0-ed0317c322064f79466c02966bddb605ab37d998\node_modules\ansi-regex\license' -> 'G:\my\share\share_taro\node_modules\cliui\node_modules\ansi-regex\license'

npm manifest: 
  {
    "name": "share_taro",
    "version": "1.0.0",
    "private": true,
    "description": "share的taro端",
    "scripts": {
      "build:weapp": "taro build --type weapp",
      "build:swan": "taro build --type swan",
      "build:alipay": "taro build --type alipay",
      "build:tt": "taro build --type tt",
      "build:h5": "taro build --type h5",
      "build:rn": "taro build --type rn",
      "dev:weapp": "npm run build:weapp -- --watch",
      "dev:swan": "npm run build:swan -- --watch",
      "dev:alipay": "npm run build:alipay -- --watch",
      "dev:tt": "npm run build:tt -- --watch",
      "dev:h5": "npm run build:h5 -- --watch",
      "dev:rn": "npm run build:rn -- --watch"
    },
    "author": "",
    "license": "MIT",
    "dependencies": {
      "@tarojs/async-await": "1.2.21",
      "@tarojs/components": "1.2.21",
      "@tarojs/redux": "1.2.21",
      "@tarojs/redux-h5": "1.2.21",
      "@tarojs/router": "1.2.21",
      "@tarojs/taro": "1.2.21",
      "@tarojs/taro-alipay": "1.2.21",
      "@tarojs/taro-h5": "1.2.21",
      "@tarojs/taro-swan": "1.2.21",
      "@tarojs/taro-tt": "1.2.21",
      "@tarojs/taro-weapp": "1.2.21",
      "dva-core": "^1.4.0",
      "dva-loading": "^2.0.6",
      "nerv-devtools": "^1.3.9",
      "nervjs": "^1.3.9",
      "redux": "^4.0.0",
      "redux-logger": "^3.0.6",
      "redux-thunk": "^2.3.0"
    },
    "devDependencies": {
      "@types/react": "^16.4.8",
      "@types/webpack-env": "^1.13.6",
      "@tarojs/plugin-babel": "1.2.21",
      "@tarojs/plugin-csso": "1.2.21",
      "@tarojs/plugin-sass": "1.2.21",
      "@tarojs/plugin-uglifyjs": "1.2.21",
      "@tarojs/webpack-runner": "1.2.21",
      "babel-plugin-transform-class-properties": "^6.24.1",
      "babel-plugin-transform-decorators-legacy": "^1.3.4",
      "babel-plugin-transform-jsx-stylesheet": "^0.6.5",
      "babel-plugin-transform-object-rest-spread": "^6.26.0",
      "babel-preset-env": "^1.6.1",
      "babel-eslint": "^8.2.3",
      "eslint": "^4.19.1",
      "eslint-config-taro": "1.2.21",
      "eslint-plugin-react": "^7.8.2",
      "eslint-plugin-import": "^2.12.0",
      "eslint-plugin-taro": "1.2.21"
    }
  }

yarn manifest: 
  No manifest

Lockfile: 
  No lockfile
